SCRIPT ERROR: Parse Error: Function "_building_name()" not found in base self.
   at: GDScript::reload (res://scripts/ui/GameUI.gd:708)
   GDScript backtrace (most recent call first):
       [0] _ready (res://scripts/main.gd:73)
SCRIPT ERROR: Parse Error: Function "_building_name()" not found in base self.
   at: GDScript::reload (res://scripts/ui/GameUI.gd:864)
   GDScript backtrace (most recent call first):
       [0] _ready (res://scripts/main.gd:73)
ERROR: Failed to load script "res://scripts/ui/GameUI.gd" with error "Parse error".
   at: load (modules/gdscript/gdscript.cpp:2907)
   GDScript backtrace (most recent call first):
       [0] _ready (res://scripts/main.gd:73)
WARNING: Loaded resource as image file, this will not work on export: 'res://assets/tiles/water.png'. Instead, import the image file as an Image resource and load it normally as a resource.
   at: load (core/io/image.cpp:2756)
   GDScript backtrace (most recent call first):
       [0] _get_terrain_texture (res://scripts/systems/ChunkRenderer.gd:29)
       [1] _fill_chunk (res://scripts/systems/ChunkRenderer.gd:102)
       [2] _on_world_generated (res://scripts/systems/ChunkRenderer.gd:54)
       [3] generate_world (res://scripts/systems/WorldGenerator.gd:27)
       [4] _run_world_generation (res://scripts/main.gd:96)
       [5] _ready (res://scripts/main.gd:78)
WARNING: Loaded resource as image file, this will not work on export: 'res://assets/tiles/coast.png'. Instead, import the image file as an Image resource and load it normally as a resource.
   at: load (core/io/image.cpp:2756)
   GDScript backtrace (most recent call first):
       [0] _get_terrain_texture (res://scripts/systems/ChunkRenderer.gd:29)
       [1] _fill_chunk (res://scripts/systems/ChunkRenderer.gd:102)
       [2] _on_world_generated (res://scripts/systems/ChunkRenderer.gd:54)
       [3] generate_world (res://scripts/systems/WorldGenerator.gd:27)
       [4] _run_world_generation (res://scripts/main.gd:96)
       [5] _ready (res://scripts/main.gd:78)
WARNING: Loaded resource as image file, this will not work on export: 'res://assets/tiles/swamp.png'. Instead, import the image file as an Image resource and load it normally as a resource.
   at: load (core/io/image.cpp:2756)
   GDScript backtrace (most recent call first):
       [0] _get_terrain_texture (res://scripts/systems/ChunkRenderer.gd:29)
       [1] _fill_chunk (res://scripts/systems/ChunkRenderer.gd:102)
       [2] _on_world_generated (res://scripts/systems/ChunkRenderer.gd:54)
       [3] generate_world (res://scripts/systems/WorldGenerator.gd:27)
       [4] _run_world_generation (res://scripts/main.gd:96)
       [5] _ready (res://scripts/main.gd:78)
WARNING: Loaded resource as image file, this will not work on export: 'res://assets/tiles/desert.png'. Instead, import the image file as an Image resource and load it normally as a resource.
   at: load (core/io/image.cpp:2756)
   GDScript backtrace (most recent call first):
       [0] _get_terrain_texture (res://scripts/systems/ChunkRenderer.gd:29)
       [1] _fill_chunk (res://scripts/systems/ChunkRenderer.gd:102)
       [2] _on_world_generated (res://scripts/systems/ChunkRenderer.gd:54)
       [3] generate_world (res://scripts/systems/WorldGenerator.gd:27)
       [4] _run_world_generation (res://scripts/main.gd:96)
       [5] _ready (res://scripts/main.gd:78)
WARNING: Loaded resource as image file, this will not work on export: 'res://assets/tiles/plains.png'. Instead, import the image file as an Image resource and load it normally as a resource.
   at: load (core/io/image.cpp:2756)
   GDScript backtrace (most recent call first):
       [0] _get_terrain_texture (res://scripts/systems/ChunkRenderer.gd:29)
       [1] _fill_chunk (res://scripts/systems/ChunkRenderer.gd:102)
       [2] _on_world_generated (res://scripts/systems/ChunkRenderer.gd:54)
       [3] generate_world (res://scripts/systems/WorldGenerator.gd:27)
       [4] _run_world_generation (res://scripts/main.gd:96)
       [5] _ready (res://scripts/main.gd:78)
WARNING: Loaded resource as image file, this will not work on export: 'res://assets/tiles/forest.png'. Instead, import the image file as an Image resource and load it normally as a resource.
   at: load (core/io/image.cpp:2756)
   GDScript backtrace (most recent call first):
       [0] _get_terrain_texture (res://scripts/systems/ChunkRenderer.gd:29)
       [1] _fill_chunk (res://scripts/systems/ChunkRenderer.gd:102)
       [2] _on_world_generated (res://scripts/systems/ChunkRenderer.gd:54)
       [3] generate_world (res://scripts/systems/WorldGenerator.gd:27)
       [4] _run_world_generation (res://scripts/main.gd:96)
       [5] _ready (res://scripts/main.gd:78)
WARNING: Loaded resource as image file, this will not work on export: 'res://assets/tiles/hills.png'. Instead, import the image file as an Image resource and load it normally as a resource.
   at: load (core/io/image.cpp:2756)
   GDScript backtrace (most recent call first):
       [0] _get_terrain_texture (res://scripts/systems/ChunkRenderer.gd:29)
       [1] _fill_chunk (res://scripts/systems/ChunkRenderer.gd:102)
       [2] _on_world_generated (res://scripts/systems/ChunkRenderer.gd:54)
       [3] generate_world (res://scripts/systems/WorldGenerator.gd:27)
       [4] _run_world_generation (res://scripts/main.gd:96)
       [5] _ready (res://scripts/main.gd:78)
WARNING: Loaded resource as image file, this will not work on export: 'res://assets/tiles/caves.png'. Instead, import the image file as an Image resource and load it normally as a resource.
   at: load (core/io/image.cpp:2756)
   GDScript backtrace (most recent call first):
       [0] _get_terrain_texture (res://scripts/systems/ChunkRenderer.gd:29)
       [1] _fill_chunk (res://scripts/systems/ChunkRenderer.gd:102)
       [2] _on_world_generated (res://scripts/systems/ChunkRenderer.gd:54)
       [3] generate_world (res://scripts/systems/WorldGenerator.gd:27)
       [4] _run_world_generation (res://scripts/main.gd:96)
       [5] _ready (res://scripts/main.gd:78)
WARNING: Loaded resource as image file, this will not work on export: 'res://assets/tiles/water.png'. Instead, import the image file as an Image resource and load it normally as a resource.
   at: load (core/io/image.cpp:2756)
   GDScript backtrace (most recent call first):
       [0] _get_terrain_texture (res://scripts/systems/ChunkRenderer.gd:29)
       [1] _fill_chunk (res://scripts/systems/ChunkRenderer.gd:102)
       [2] _on_world_generated (res://scripts/systems/ChunkRenderer.gd:54)
       [3] generate_world (res://scripts/systems/WorldGenerator.gd:27)
       [4] _run_world_generation (res://scripts/main.gd:96)
       [5] _ready (res://scripts/main.gd:78)
WARNING: Loaded resource as image file, this will not work on export: 'res://assets/tiles/coast.png'. Instead, import the image file as an Image resource and load it normally as a resource.
   at: load (core/io/image.cpp:2756)
   GDScript backtrace (most recent call first):
       [0] _get_terrain_texture (res://scripts/systems/ChunkRenderer.gd:29)
       [1] _fill_chunk (res://scripts/systems/ChunkRenderer.gd:102)
       [2] _on_world_generated (res://scripts/systems/ChunkRenderer.gd:54)
       [3] generate_world (res://scripts/systems/WorldGenerator.gd:27)
       [4] _run_world_generation (res://scripts/main.gd:96)
       [5] _ready (res://scripts/main.gd:78)
WARNING: Loaded resource as image file, this will not work on export: 'res://assets/tiles/swamp.png'. Instead, import the image file as an Image resource and load it normally as a resource.
   at: load (core/io/image.cpp:2756)
   GDScript backtrace (most recent call first):
       [0] _get_terrain_texture (res://scripts/systems/ChunkRenderer.gd:29)
       [1] _fill_chunk (res://scripts/systems/ChunkRenderer.gd:102)
       [2] _on_world_generated (res://scripts/systems/ChunkRenderer.gd:54)
       [3] generate_world (res://scripts/systems/WorldGenerator.gd:27)
       [4] _run_world_generation (res://scripts/main.gd:96)
       [5] _ready (res://scripts/main.gd:78)
WARNING: Loaded resource as image file, this will not work on export: 'res://assets/tiles/desert.png'. Instead, import the image file as an Image resource and load it normally as a resource.
   at: load (core/io/image.cpp:2756)
   GDScript backtrace (most recent call first):
       [0] _get_terrain_texture (res://scripts/systems/ChunkRenderer.gd:29)
       [1] _fill_chunk (res://scripts/systems/ChunkRenderer.gd:102)
       [2] _on_world_generated (res://scripts/systems/ChunkRenderer.gd:54)
       [3] generate_world (res://scripts/systems/WorldGenerator.gd:27)
       [4] _run_world_generation (res://scripts/main.gd:96)
       [5] _ready (res://scripts/main.gd:78)
WARNING: Loaded resource as image file, this will not work on export: 'res://assets/tiles/plains.png'. Instead, import the image file as an Image resource and load it normally as a resource.
   at: load (core/io/image.cpp:2756)
   GDScript backtrace (most recent call first):
       [0] _get_terrain_texture (res://scripts/systems/ChunkRenderer.gd:29)
       [1] _fill_chunk (res://scripts/systems/ChunkRenderer.gd:102)
       [2] _on_world_generated (res://scripts/systems/ChunkRenderer.gd:54)
       [3] generate_world (res://scripts/systems/WorldGenerator.gd:27)
       [4] _run_world_generation (res://scripts/main.gd:96)
       [5] _ready (res://scripts/main.gd:78)
WARNING: Loaded resource as image file, this will not work on export: 'res://assets/tiles/forest.png'. Instead, import the image file as an Image resource and load it normally as a resource.
   at: load (core/io/image.cpp:2756)
   GDScript backtrace (most recent call first):
       [0] _get_terrain_texture (res://scripts/systems/ChunkRenderer.gd:29)
       [1] _fill_chunk (res://scripts/systems/ChunkRenderer.gd:102)
       [2] _on_world_generated (res://scripts/systems/ChunkRenderer.gd:54)
       [3] generate_world (res://scripts/systems/WorldGenerator.gd:27)
       [4] _run_world_generation (res://scripts/main.gd:96)
       [5] _ready (res://scripts/main.gd:78)
WARNING: Loaded resource as image file, this will not work on export: 'res://assets/tiles/hills.png'. Instead, import the image file as an Image resource and load it normally as a resource.
   at: load (core/io/image.cpp:2756)
   GDScript backtrace (most recent call first):
       [0] _get_terrain_texture (res://scripts/systems/ChunkRenderer.gd:29)
       [1] _fill_chunk (res://scripts/systems/ChunkRenderer.gd:102)
       [2] _on_world_generated (res://scripts/systems/ChunkRenderer.gd:54)
       [3] generate_world (res://scripts/systems/WorldGenerator.gd:27)
       [4] _run_world_generation (res://scripts/main.gd:96)
       [5] _ready (res://scripts/main.gd:78)
WARNING: Loaded resource as image file, this will not work on export: 'res://assets/tiles/caves.png'. Instead, import the image file as an Image resource and load it normally as a resource.
   at: load (core/io/image.cpp:2756)
   GDScript backtrace (most recent call first):
       [0] _get_terrain_texture (res://scripts/systems/ChunkRenderer.gd:29)
       [1] _fill_chunk (res://scripts/systems/ChunkRenderer.gd:102)
       [2] _on_world_generated (res://scripts/systems/ChunkRenderer.gd:54)
       [3] generate_world (res://scripts/systems/WorldGenerator.gd:27)
       [4] _run_world_generation (res://scripts/main.gd:96)
       [5] _ready (res://scripts/main.gd:78)
SCRIPT ERROR: Invalid access to property or key '_panels' on a base object of type 'CanvasLayer'.
   at: _run_world_generation (res://scripts/main.gd:101)
   GDScript backtrace (most recent call first):
       [0] _run_world_generation (res://scripts/main.gd:101)
       [1] _ready (res://scripts/main.gd:78)
