ERROR: No loader found for resource: res://assets/ui/main_menu_bg.png (expected type: unknown)
   at: _load (core/io/resource_loader.cpp:358)
   GDScript backtrace (most recent call first):
       [0] _create_main_menu_screen (res://scripts/ui/GameUI.gd:469)
       [1] _build_ui (res://scripts/ui/GameUI.gd:334)
       [2] _ready (res://scripts/ui/GameUI.gd:20)
       [3] _ready (res://scripts/main.gd:74)
ERROR: Error loading resource: 'res://assets/ui/main_menu_bg.png'.
   at: load (core/core_bind.cpp:78)
   GDScript backtrace (most recent call first):
       [0] _create_main_menu_screen (res://scripts/ui/GameUI.gd:469)
       [1] _build_ui (res://scripts/ui/GameUI.gd:334)
       [2] _ready (res://scripts/ui/GameUI.gd:20)
       [3] _ready (res://scripts/main.gd:74)
ERROR: No loader found for resource: res://assets/tiles/water.png (expected type: unknown)
   at: _load (core/io/resource_loader.cpp:358)
   GDScript backtrace (most recent call first):
       [0] _get_terrain_texture (res://scripts/systems/ChunkRenderer.gd:28)
       [1] _fill_chunk (res://scripts/systems/ChunkRenderer.gd:100)
       [2] _on_world_generated (res://scripts/systems/ChunkRenderer.gd:52)
       [3] generate_world (res://scripts/systems/WorldGenerator.gd:27)
       [4] _run_world_generation (res://scripts/main.gd:96)
       [5] _ready (res://scripts/main.gd:78)
ERROR: No loader found for resource: res://assets/tiles/coast.png (expected type: unknown)
   at: _load (core/io/resource_loader.cpp:358)
   GDScript backtrace (most recent call first):
       [0] _get_terrain_texture (res://scripts/systems/ChunkRenderer.gd:28)
       [1] _fill_chunk (res://scripts/systems/ChunkRenderer.gd:100)
       [2] _on_world_generated (res://scripts/systems/ChunkRenderer.gd:52)
       [3] generate_world (res://scripts/systems/WorldGenerator.gd:27)
       [4] _run_world_generation (res://scripts/main.gd:96)
       [5] _ready (res://scripts/main.gd:78)
ERROR: No loader found for resource: res://assets/tiles/swamp.png (expected type: unknown)
   at: _load (core/io/resource_loader.cpp:358)
   GDScript backtrace (most recent call first):
       [0] _get_terrain_texture (res://scripts/systems/ChunkRenderer.gd:28)
       [1] _fill_chunk (res://scripts/systems/ChunkRenderer.gd:100)
       [2] _on_world_generated (res://scripts/systems/ChunkRenderer.gd:52)
       [3] generate_world (res://scripts/systems/WorldGenerator.gd:27)
       [4] _run_world_generation (res://scripts/main.gd:96)
       [5] _ready (res://scripts/main.gd:78)
ERROR: No loader found for resource: res://assets/tiles/desert.png (expected type: unknown)
   at: _load (core/io/resource_loader.cpp:358)
   GDScript backtrace (most recent call first):
       [0] _get_terrain_texture (res://scripts/systems/ChunkRenderer.gd:28)
       [1] _fill_chunk (res://scripts/systems/ChunkRenderer.gd:100)
       [2] _on_world_generated (res://scripts/systems/ChunkRenderer.gd:52)
       [3] generate_world (res://scripts/systems/WorldGenerator.gd:27)
       [4] _run_world_generation (res://scripts/main.gd:96)
       [5] _ready (res://scripts/main.gd:78)
ERROR: No loader found for resource: res://assets/tiles/plains.png (expected type: unknown)
   at: _load (core/io/resource_loader.cpp:358)
   GDScript backtrace (most recent call first):
       [0] _get_terrain_texture (res://scripts/systems/ChunkRenderer.gd:28)
       [1] _fill_chunk (res://scripts/systems/ChunkRenderer.gd:100)
       [2] _on_world_generated (res://scripts/systems/ChunkRenderer.gd:52)
       [3] generate_world (res://scripts/systems/WorldGenerator.gd:27)
       [4] _run_world_generation (res://scripts/main.gd:96)
       [5] _ready (res://scripts/main.gd:78)
ERROR: No loader found for resource: res://assets/tiles/forest.png (expected type: unknown)
   at: _load (core/io/resource_loader.cpp:358)
   GDScript backtrace (most recent call first):
       [0] _get_terrain_texture (res://scripts/systems/ChunkRenderer.gd:28)
       [1] _fill_chunk (res://scripts/systems/ChunkRenderer.gd:100)
       [2] _on_world_generated (res://scripts/systems/ChunkRenderer.gd:52)
       [3] generate_world (res://scripts/systems/WorldGenerator.gd:27)
       [4] _run_world_generation (res://scripts/main.gd:96)
       [5] _ready (res://scripts/main.gd:78)
ERROR: No loader found for resource: res://assets/tiles/hills.png (expected type: unknown)
   at: _load (core/io/resource_loader.cpp:358)
   GDScript backtrace (most recent call first):
       [0] _get_terrain_texture (res://scripts/systems/ChunkRenderer.gd:28)
       [1] _fill_chunk (res://scripts/systems/ChunkRenderer.gd:100)
       [2] _on_world_generated (res://scripts/systems/ChunkRenderer.gd:52)
       [3] generate_world (res://scripts/systems/WorldGenerator.gd:27)
       [4] _run_world_generation (res://scripts/main.gd:96)
       [5] _ready (res://scripts/main.gd:78)
ERROR: No loader found for resource: res://assets/tiles/caves.png (expected type: unknown)
   at: _load (core/io/resource_loader.cpp:358)
   GDScript backtrace (most recent call first):
       [0] _get_terrain_texture (res://scripts/systems/ChunkRenderer.gd:28)
       [1] _fill_chunk (res://scripts/systems/ChunkRenderer.gd:100)
       [2] _on_world_generated (res://scripts/systems/ChunkRenderer.gd:52)
       [3] generate_world (res://scripts/systems/WorldGenerator.gd:27)
       [4] _run_world_generation (res://scripts/main.gd:96)
       [5] _ready (res://scripts/main.gd:78)
ERROR: No loader found for resource: res://assets/tiles/water.png (expected type: unknown)
   at: _load (core/io/resource_loader.cpp:358)
   GDScript backtrace (most recent call first):
       [0] _get_terrain_texture (res://scripts/systems/ChunkRenderer.gd:28)
       [1] _fill_chunk (res://scripts/systems/ChunkRenderer.gd:100)
       [2] _on_world_generated (res://scripts/systems/ChunkRenderer.gd:52)
       [3] generate_world (res://scripts/systems/WorldGenerator.gd:27)
       [4] _run_world_generation (res://scripts/main.gd:96)
       [5] _ready (res://scripts/main.gd:78)
ERROR: No loader found for resource: res://assets/tiles/coast.png (expected type: unknown)
   at: _load (core/io/resource_loader.cpp:358)
   GDScript backtrace (most recent call first):
       [0] _get_terrain_texture (res://scripts/systems/ChunkRenderer.gd:28)
       [1] _fill_chunk (res://scripts/systems/ChunkRenderer.gd:100)
       [2] _on_world_generated (res://scripts/systems/ChunkRenderer.gd:52)
       [3] generate_world (res://scripts/systems/WorldGenerator.gd:27)
       [4] _run_world_generation (res://scripts/main.gd:96)
       [5] _ready (res://scripts/main.gd:78)
ERROR: No loader found for resource: res://assets/tiles/swamp.png (expected type: unknown)
   at: _load (core/io/resource_loader.cpp:358)
   GDScript backtrace (most recent call first):
       [0] _get_terrain_texture (res://scripts/systems/ChunkRenderer.gd:28)
       [1] _fill_chunk (res://scripts/systems/ChunkRenderer.gd:100)
       [2] _on_world_generated (res://scripts/systems/ChunkRenderer.gd:52)
       [3] generate_world (res://scripts/systems/WorldGenerator.gd:27)
       [4] _run_world_generation (res://scripts/main.gd:96)
       [5] _ready (res://scripts/main.gd:78)
ERROR: No loader found for resource: res://assets/tiles/desert.png (expected type: unknown)
   at: _load (core/io/resource_loader.cpp:358)
   GDScript backtrace (most recent call first):
       [0] _get_terrain_texture (res://scripts/systems/ChunkRenderer.gd:28)
       [1] _fill_chunk (res://scripts/systems/ChunkRenderer.gd:100)
       [2] _on_world_generated (res://scripts/systems/ChunkRenderer.gd:52)
       [3] generate_world (res://scripts/systems/WorldGenerator.gd:27)
       [4] _run_world_generation (res://scripts/main.gd:96)
       [5] _ready (res://scripts/main.gd:78)
ERROR: No loader found for resource: res://assets/tiles/plains.png (expected type: unknown)
   at: _load (core/io/resource_loader.cpp:358)
   GDScript backtrace (most recent call first):
       [0] _get_terrain_texture (res://scripts/systems/ChunkRenderer.gd:28)
       [1] _fill_chunk (res://scripts/systems/ChunkRenderer.gd:100)
       [2] _on_world_generated (res://scripts/systems/ChunkRenderer.gd:52)
       [3] generate_world (res://scripts/systems/WorldGenerator.gd:27)
       [4] _run_world_generation (res://scripts/main.gd:96)
       [5] _ready (res://scripts/main.gd:78)
ERROR: No loader found for resource: res://assets/tiles/forest.png (expected type: unknown)
   at: _load (core/io/resource_loader.cpp:358)
   GDScript backtrace (most recent call first):
       [0] _get_terrain_texture (res://scripts/systems/ChunkRenderer.gd:28)
       [1] _fill_chunk (res://scripts/systems/ChunkRenderer.gd:100)
       [2] _on_world_generated (res://scripts/systems/ChunkRenderer.gd:52)
       [3] generate_world (res://scripts/systems/WorldGenerator.gd:27)
       [4] _run_world_generation (res://scripts/main.gd:96)
       [5] _ready (res://scripts/main.gd:78)
ERROR: No loader found for resource: res://assets/tiles/hills.png (expected type: unknown)
   at: _load (core/io/resource_loader.cpp:358)
   GDScript backtrace (most recent call first):
       [0] _get_terrain_texture (res://scripts/systems/ChunkRenderer.gd:28)
       [1] _fill_chunk (res://scripts/systems/ChunkRenderer.gd:100)
       [2] _on_world_generated (res://scripts/systems/ChunkRenderer.gd:52)
       [3] generate_world (res://scripts/systems/WorldGenerator.gd:27)
       [4] _run_world_generation (res://scripts/main.gd:96)
       [5] _ready (res://scripts/main.gd:78)
ERROR: No loader found for resource: res://assets/tiles/caves.png (expected type: unknown)
   at: _load (core/io/resource_loader.cpp:358)
   GDScript backtrace (most recent call first):
       [0] _get_terrain_texture (res://scripts/systems/ChunkRenderer.gd:28)
       [1] _fill_chunk (res://scripts/systems/ChunkRenderer.gd:100)
       [2] _on_world_generated (res://scripts/systems/ChunkRenderer.gd:52)
       [3] generate_world (res://scripts/systems/WorldGenerator.gd:27)
       [4] _run_world_generation (res://scripts/main.gd:96)
       [5] _ready (res://scripts/main.gd:78)
SCRIPT ERROR: Invalid access to property or key 'deity' on a base object of type 'Dictionary'.
   at: _refresh_deity_panel (res://scripts/ui/GameUI.gd:1944)
   GDScript backtrace (most recent call first):
       [0] _refresh_deity_panel (res://scripts/ui/GameUI.gd:1944)
       [1] _refresh_all (res://scripts/ui/GameUI.gd:1834)
       [2] _on_world_generated (res://scripts/ui/GameUI.gd:985)
       [3] generate_world (res://scripts/systems/WorldGenerator.gd:27)
       [4] _run_world_generation (res://scripts/main.gd:96)
       [5] _ready (res://scripts/main.gd:78)
SCRIPT ERROR: Invalid access to property or key 'deity' on a base object of type 'Dictionary'.
   at: _refresh_deity_panel (res://scripts/ui/GameUI.gd:1944)
   GDScript backtrace (most recent call first):
       [0] _refresh_deity_panel (res://scripts/ui/GameUI.gd:1944)
       [1] _on_divine_power_changed (res://scripts/ui/GameUI.gd:929)
       [2] _on_tick_advanced (res://scripts/systems/DeityManager.gd:661)
       [3] _advance_tick (res://scripts/systems/TimeManager.gd:48)
       [4] _process (res://scripts/systems/TimeManager.gd:36)
SCRIPT ERROR: Invalid access to property or key 'deity' on a base object of type 'Dictionary'.
   at: _refresh_deity_panel (res://scripts/ui/GameUI.gd:1944)
   GDScript backtrace (most recent call first):
       [0] _refresh_deity_panel (res://scripts/ui/GameUI.gd:1944)
       [1] _refresh_all (res://scripts/ui/GameUI.gd:1834)
       [2] _on_tick_advanced (res://scripts/ui/GameUI.gd:919)
       [3] _advance_tick (res://scripts/systems/TimeManager.gd:48)
       [4] _process (res://scripts/systems/TimeManager.gd:36)
SCRIPT ERROR: Invalid access to property or key 'deity' on a base object of type 'Dictionary'.
   at: _refresh_deity_panel (res://scripts/ui/GameUI.gd:1944)
   GDScript backtrace (most recent call first):
       [0] _refresh_deity_panel (res://scripts/ui/GameUI.gd:1944)
       [1] _on_divine_power_changed (res://scripts/ui/GameUI.gd:929)
       [2] _on_tick_advanced (res://scripts/systems/DeityManager.gd:661)
       [3] _advance_tick (res://scripts/systems/TimeManager.gd:48)
       [4] _process (res://scripts/systems/TimeManager.gd:36)
SCRIPT ERROR: Invalid access to property or key 'deity' on a base object of type 'Dictionary'.
   at: _refresh_deity_panel (res://scripts/ui/GameUI.gd:1944)
   GDScript backtrace (most recent call first):
       [0] _refresh_deity_panel (res://scripts/ui/GameUI.gd:1944)
       [1] _refresh_all (res://scripts/ui/GameUI.gd:1834)
       [2] _on_tick_advanced (res://scripts/ui/GameUI.gd:919)
       [3] _advance_tick (res://scripts/systems/TimeManager.gd:48)
       [4] _process (res://scripts/systems/TimeManager.gd:36)
SCRIPT ERROR: Invalid access to property or key 'deity' on a base object of type 'Dictionary'.
   at: _refresh_deity_panel (res://scripts/ui/GameUI.gd:1944)
   GDScript backtrace (most recent call first):
       [0] _refresh_deity_panel (res://scripts/ui/GameUI.gd:1944)
       [1] _on_divine_power_changed (res://scripts/ui/GameUI.gd:929)
       [2] _on_tick_advanced (res://scripts/systems/DeityManager.gd:661)
       [3] _advance_tick (res://scripts/systems/TimeManager.gd:48)
       [4] _process (res://scripts/systems/TimeManager.gd:36)
SCRIPT ERROR: Invalid access to property or key 'deity' on a base object of type 'Dictionary'.
   at: _refresh_deity_panel (res://scripts/ui/GameUI.gd:1944)
   GDScript backtrace (most recent call first):
       [0] _refresh_deity_panel (res://scripts/ui/GameUI.gd:1944)
       [1] _refresh_all (res://scripts/ui/GameUI.gd:1834)
       [2] _on_tick_advanced (res://scripts/ui/GameUI.gd:919)
       [3] _advance_tick (res://scripts/systems/TimeManager.gd:48)
       [4] _process (res://scripts/systems/TimeManager.gd:36)
SCRIPT ERROR: Invalid access to property or key 'deity' on a base object of type 'Dictionary'.
   at: _refresh_deity_panel (res://scripts/ui/GameUI.gd:1944)
   GDScript backtrace (most recent call first):
       [0] _refresh_deity_panel (res://scripts/ui/GameUI.gd:1944)
       [1] _on_divine_power_changed (res://scripts/ui/GameUI.gd:929)
       [2] _on_tick_advanced (res://scripts/systems/DeityManager.gd:661)
       [3] _advance_tick (res://scripts/systems/TimeManager.gd:48)
       [4] _process (res://scripts/systems/TimeManager.gd:36)
SCRIPT ERROR: Invalid access to property or key 'deity' on a base object of type 'Dictionary'.
   at: _refresh_deity_panel (res://scripts/ui/GameUI.gd:1944)
   GDScript backtrace (most recent call first):
       [0] _refresh_deity_panel (res://scripts/ui/GameUI.gd:1944)
       [1] _refresh_all (res://scripts/ui/GameUI.gd:1834)
       [2] _on_tick_advanced (res://scripts/ui/GameUI.gd:919)
       [3] _advance_tick (res://scripts/systems/TimeManager.gd:48)
       [4] _process (res://scripts/systems/TimeManager.gd:36)
SCRIPT ERROR: Invalid access to property or key 'deity' on a base object of type 'Dictionary'.
   at: _refresh_deity_panel (res://scripts/ui/GameUI.gd:1944)
   GDScript backtrace (most recent call first):
       [0] _refresh_deity_panel (res://scripts/ui/GameUI.gd:1944)
       [1] _on_divine_power_changed (res://scripts/ui/GameUI.gd:929)
       [2] _on_tick_advanced (res://scripts/systems/DeityManager.gd:661)
       [3] _advance_tick (res://scripts/systems/TimeManager.gd:48)
       [4] _process (res://scripts/systems/TimeManager.gd:36)
SCRIPT ERROR: Invalid access to property or key 'deity' on a base object of type 'Dictionary'.
   at: _refresh_deity_panel (res://scripts/ui/GameUI.gd:1944)
   GDScript backtrace (most recent call first):
       [0] _refresh_deity_panel (res://scripts/ui/GameUI.gd:1944)
       [1] _refresh_all (res://scripts/ui/GameUI.gd:1834)
       [2] _on_tick_advanced (res://scripts/ui/GameUI.gd:919)
       [3] _advance_tick (res://scripts/systems/TimeManager.gd:48)
       [4] _process (res://scripts/systems/TimeManager.gd:36)
SCRIPT ERROR: Invalid access to property or key 'deity' on a base object of type 'Dictionary'.
   at: _refresh_deity_panel (res://scripts/ui/GameUI.gd:1944)
   GDScript backtrace (most recent call first):
       [0] _refresh_deity_panel (res://scripts/ui/GameUI.gd:1944)
       [1] _on_divine_power_changed (res://scripts/ui/GameUI.gd:929)
       [2] _on_tick_advanced (res://scripts/systems/DeityManager.gd:661)
       [3] _advance_tick (res://scripts/systems/TimeManager.gd:48)
       [4] _process (res://scripts/systems/TimeManager.gd:36)
SCRIPT ERROR: Invalid access to property or key 'deity' on a base object of type 'Dictionary'.
   at: _refresh_deity_panel (res://scripts/ui/GameUI.gd:1944)
   GDScript backtrace (most recent call first):
       [0] _refresh_deity_panel (res://scripts/ui/GameUI.gd:1944)
       [1] _refresh_all (res://scripts/ui/GameUI.gd:1834)
       [2] _on_tick_advanced (res://scripts/ui/GameUI.gd:919)
       [3] _advance_tick (res://scripts/systems/TimeManager.gd:48)
       [4] _process (res://scripts/systems/TimeManager.gd:36)
SCRIPT ERROR: Invalid access to property or key 'deity' on a base object of type 'Dictionary'.
   at: _refresh_deity_panel (res://scripts/ui/GameUI.gd:1944)
   GDScript backtrace (most recent call first):
       [0] _refresh_deity_panel (res://scripts/ui/GameUI.gd:1944)
       [1] _on_divine_power_changed (res://scripts/ui/GameUI.gd:929)
       [2] _on_tick_advanced (res://scripts/systems/DeityManager.gd:661)
       [3] _advance_tick (res://scripts/systems/TimeManager.gd:48)
       [4] _process (res://scripts/systems/TimeManager.gd:36)
SCRIPT ERROR: Invalid access to property or key 'deity' on a base object of type 'Dictionary'.
   at: _refresh_deity_panel (res://scripts/ui/GameUI.gd:1944)
   GDScript backtrace (most recent call first):
       [0] _refresh_deity_panel (res://scripts/ui/GameUI.gd:1944)
       [1] _refresh_all (res://scripts/ui/GameUI.gd:1834)
       [2] _on_tick_advanced (res://scripts/ui/GameUI.gd:919)
       [3] _advance_tick (res://scripts/systems/TimeManager.gd:48)
       [4] _process (res://scripts/systems/TimeManager.gd:36)
SCRIPT ERROR: Invalid access to property or key 'deity' on a base object of type 'Dictionary'.
   at: _refresh_deity_panel (res://scripts/ui/GameUI.gd:1944)
   GDScript backtrace (most recent call first):
       [0] _refresh_deity_panel (res://scripts/ui/GameUI.gd:1944)
       [1] _on_divine_power_changed (res://scripts/ui/GameUI.gd:929)
       [2] _on_tick_advanced (res://scripts/systems/DeityManager.gd:661)
       [3] _advance_tick (res://scripts/systems/TimeManager.gd:48)
       [4] _process (res://scripts/systems/TimeManager.gd:36)
SCRIPT ERROR: Invalid access to property or key 'deity' on a base object of type 'Dictionary'.
   at: _refresh_deity_panel (res://scripts/ui/GameUI.gd:1944)
   GDScript backtrace (most recent call first):
       [0] _refresh_deity_panel (res://scripts/ui/GameUI.gd:1944)
       [1] _refresh_all (res://scripts/ui/GameUI.gd:1834)
       [2] _on_tick_advanced (res://scripts/ui/GameUI.gd:919)
       [3] _advance_tick (res://scripts/systems/TimeManager.gd:48)
       [4] _process (res://scripts/systems/TimeManager.gd:36)
SCRIPT ERROR: Invalid access to property or key 'deity' on a base object of type 'Dictionary'.
   at: _refresh_deity_panel (res://scripts/ui/GameUI.gd:1944)
   GDScript backtrace (most recent call first):
       [0] _refresh_deity_panel (res://scripts/ui/GameUI.gd:1944)
       [1] _on_divine_power_changed (res://scripts/ui/GameUI.gd:929)
       [2] _on_tick_advanced (res://scripts/systems/DeityManager.gd:661)
       [3] _advance_tick (res://scripts/systems/TimeManager.gd:48)
       [4] _process (res://scripts/systems/TimeManager.gd:36)
SCRIPT ERROR: Invalid access to property or key 'deity' on a base object of type 'Dictionary'.
   at: _refresh_deity_panel (res://scripts/ui/GameUI.gd:1944)
   GDScript backtrace (most recent call first):
       [0] _refresh_deity_panel (res://scripts/ui/GameUI.gd:1944)
       [1] _refresh_all (res://scripts/ui/GameUI.gd:1834)
       [2] _on_tick_advanced (res://scripts/ui/GameUI.gd:919)
       [3] _advance_tick (res://scripts/systems/TimeManager.gd:48)
       [4] _process (res://scripts/systems/TimeManager.gd:36)
SCRIPT ERROR: Invalid access to property or key 'deity' on a base object of type 'Dictionary'.
   at: _refresh_deity_panel (res://scripts/ui/GameUI.gd:1944)
   GDScript backtrace (most recent call first):
       [0] _refresh_deity_panel (res://scripts/ui/GameUI.gd:1944)
       [1] _on_divine_power_changed (res://scripts/ui/GameUI.gd:929)
       [2] _on_tick_advanced (res://scripts/systems/DeityManager.gd:661)
       [3] _advance_tick (res://scripts/systems/TimeManager.gd:48)
       [4] _process (res://scripts/systems/TimeManager.gd:36)
SCRIPT ERROR: Invalid access to property or key 'deity' on a base object of type 'Dictionary'.
   at: _refresh_deity_panel (res://scripts/ui/GameUI.gd:1944)
   GDScript backtrace (most recent call first):
       [0] _refresh_deity_panel (res://scripts/ui/GameUI.gd:1944)
       [1] _refresh_all (res://scripts/ui/GameUI.gd:1834)
       [2] _on_tick_advanced (res://scripts/ui/GameUI.gd:919)
       [3] _advance_tick (res://scripts/systems/TimeManager.gd:48)
       [4] _process (res://scripts/systems/TimeManager.gd:36)
SCRIPT ERROR: Invalid access to property or key 'deity' on a base object of type 'Dictionary'.
   at: _refresh_deity_panel (res://scripts/ui/GameUI.gd:1944)
   GDScript backtrace (most recent call first):
       [0] _refresh_deity_panel (res://scripts/ui/GameUI.gd:1944)
       [1] _on_divine_power_changed (res://scripts/ui/GameUI.gd:929)
       [2] _on_tick_advanced (res://scripts/systems/DeityManager.gd:661)
       [3] _advance_tick (res://scripts/systems/TimeManager.gd:48)
       [4] _process (res://scripts/systems/TimeManager.gd:36)
SCRIPT ERROR: Invalid access to property or key 'deity' on a base object of type 'Dictionary'.
   at: _refresh_deity_panel (res://scripts/ui/GameUI.gd:1944)
   GDScript backtrace (most recent call first):
       [0] _refresh_deity_panel (res://scripts/ui/GameUI.gd:1944)
       [1] _refresh_all (res://scripts/ui/GameUI.gd:1834)
       [2] _on_tick_advanced (res://scripts/ui/GameUI.gd:919)
       [3] _advance_tick (res://scripts/systems/TimeManager.gd:48)
       [4] _process (res://scripts/systems/TimeManager.gd:36)
SCRIPT ERROR: Invalid access to property or key 'deity' on a base object of type 'Dictionary'.
   at: _refresh_deity_panel (res://scripts/ui/GameUI.gd:1944)
   GDScript backtrace (most recent call first):
       [0] _refresh_deity_panel (res://scripts/ui/GameUI.gd:1944)
       [1] _on_divine_power_changed (res://scripts/ui/GameUI.gd:929)
       [2] _on_tick_advanced (res://scripts/systems/DeityManager.gd:661)
       [3] _advance_tick (res://scripts/systems/TimeManager.gd:48)
       [4] _process (res://scripts/systems/TimeManager.gd:36)
SCRIPT ERROR: Invalid access to property or key 'deity' on a base object of type 'Dictionary'.
   at: _refresh_deity_panel (res://scripts/ui/GameUI.gd:1944)
   GDScript backtrace (most recent call first):
       [0] _refresh_deity_panel (res://scripts/ui/GameUI.gd:1944)
       [1] _refresh_all (res://scripts/ui/GameUI.gd:1834)
       [2] _on_tick_advanced (res://scripts/ui/GameUI.gd:919)
       [3] _advance_tick (res://scripts/systems/TimeManager.gd:48)
       [4] _process (res://scripts/systems/TimeManager.gd:36)
SCRIPT ERROR: Invalid access to property or key 'deity' on a base object of type 'Dictionary'.
   at: _refresh_deity_panel (res://scripts/ui/GameUI.gd:1944)
   GDScript backtrace (most recent call first):
       [0] _refresh_deity_panel (res://scripts/ui/GameUI.gd:1944)
       [1] _on_divine_power_changed (res://scripts/ui/GameUI.gd:929)
       [2] _on_tick_advanced (res://scripts/systems/DeityManager.gd:661)
       [3] _advance_tick (res://scripts/systems/TimeManager.gd:48)
       [4] _process (res://scripts/systems/TimeManager.gd:36)
SCRIPT ERROR: Invalid access to property or key 'deity' on a base object of type 'Dictionary'.
   at: _refresh_deity_panel (res://scripts/ui/GameUI.gd:1944)
   GDScript backtrace (most recent call first):
       [0] _refresh_deity_panel (res://scripts/ui/GameUI.gd:1944)
       [1] _refresh_all (res://scripts/ui/GameUI.gd:1834)
       [2] _on_tick_advanced (res://scripts/ui/GameUI.gd:919)
       [3] _advance_tick (res://scripts/systems/TimeManager.gd:48)
       [4] _process (res://scripts/systems/TimeManager.gd:36)
SCRIPT ERROR: Invalid access to property or key 'deity' on a base object of type 'Dictionary'.
   at: _refresh_deity_panel (res://scripts/ui/GameUI.gd:1944)
   GDScript backtrace (most recent call first):
       [0] _refresh_deity_panel (res://scripts/ui/GameUI.gd:1944)
       [1] _on_divine_power_changed (res://scripts/ui/GameUI.gd:929)
       [2] _on_tick_advanced (res://scripts/systems/DeityManager.gd:661)
       [3] _advance_tick (res://scripts/systems/TimeManager.gd:48)
       [4] _process (res://scripts/systems/TimeManager.gd:36)
SCRIPT ERROR: Invalid access to property or key 'deity' on a base object of type 'Dictionary'.
   at: _refresh_deity_panel (res://scripts/ui/GameUI.gd:1944)
   GDScript backtrace (most recent call first):
       [0] _refresh_deity_panel (res://scripts/ui/GameUI.gd:1944)
       [1] _refresh_all (res://scripts/ui/GameUI.gd:1834)
       [2] _on_tick_advanced (res://scripts/ui/GameUI.gd:919)
       [3] _advance_tick (res://scripts/systems/TimeManager.gd:48)
       [4] _process (res://scripts/systems/TimeManager.gd:36)
SCRIPT ERROR: Invalid access to property or key 'deity' on a base object of type 'Dictionary'.
   at: _refresh_deity_panel (res://scripts/ui/GameUI.gd:1944)
   GDScript backtrace (most recent call first):
       [0] _refresh_deity_panel (res://scripts/ui/GameUI.gd:1944)
       [1] _on_divine_power_changed (res://scripts/ui/GameUI.gd:929)
       [2] _on_tick_advanced (res://scripts/systems/DeityManager.gd:661)
       [3] _advance_tick (res://scripts/systems/TimeManager.gd:48)
       [4] _process (res://scripts/systems/TimeManager.gd:36)
SCRIPT ERROR: Invalid access to property or key 'deity' on a base object of type 'Dictionary'.
   at: _refresh_deity_panel (res://scripts/ui/GameUI.gd:1944)
   GDScript backtrace (most recent call first):
       [0] _refresh_deity_panel (res://scripts/ui/GameUI.gd:1944)
       [1] _refresh_all (res://scripts/ui/GameUI.gd:1834)
       [2] _on_tick_advanced (res://scripts/ui/GameUI.gd:919)
       [3] _advance_tick (res://scripts/systems/TimeManager.gd:48)
       [4] _process (res://scripts/systems/TimeManager.gd:36)
SCRIPT ERROR: Invalid access to property or key 'deity' on a base object of type 'Dictionary'.
   at: _refresh_deity_panel (res://scripts/ui/GameUI.gd:1944)
   GDScript backtrace (most recent call first):
       [0] _refresh_deity_panel (res://scripts/ui/GameUI.gd:1944)
       [1] _on_divine_power_changed (res://scripts/ui/GameUI.gd:929)
       [2] _on_tick_advanced (res://scripts/systems/DeityManager.gd:661)
       [3] _advance_tick (res://scripts/systems/TimeManager.gd:48)
       [4] _process (res://scripts/systems/TimeManager.gd:36)
SCRIPT ERROR: Invalid access to property or key 'deity' on a base object of type 'Dictionary'.
   at: _refresh_deity_panel (res://scripts/ui/GameUI.gd:1944)
   GDScript backtrace (most recent call first):
       [0] _refresh_deity_panel (res://scripts/ui/GameUI.gd:1944)
       [1] _refresh_all (res://scripts/ui/GameUI.gd:1834)
       [2] _on_tick_advanced (res://scripts/ui/GameUI.gd:919)
       [3] _advance_tick (res://scripts/systems/TimeManager.gd:48)
       [4] _process (res://scripts/systems/TimeManager.gd:36)
ERROR: The calculated index 1 is out of bounds (the array has 1 elements). Leaving the array untouched.
   at: remove_at (core/variant/array.cpp:512)
   GDScript backtrace (most recent call first):
       [0] _process (res://scripts/systems/WorldRenderer.gd:303)
SCRIPT ERROR: Invalid access to property or key 'deity' on a base object of type 'Dictionary'.
   at: _refresh_deity_panel (res://scripts/ui/GameUI.gd:1944)
   GDScript backtrace (most recent call first):
       [0] _refresh_deity_panel (res://scripts/ui/GameUI.gd:1944)
       [1] _on_divine_power_changed (res://scripts/ui/GameUI.gd:929)
       [2] _on_tick_advanced (res://scripts/systems/DeityManager.gd:661)
       [3] _advance_tick (res://scripts/systems/TimeManager.gd:48)
       [4] _process (res://scripts/systems/TimeManager.gd:36)
SCRIPT ERROR: Invalid access to property or key 'deity' on a base object of type 'Dictionary'.
   at: _refresh_deity_panel (res://scripts/ui/GameUI.gd:1944)
   GDScript backtrace (most recent call first):
       [0] _refresh_deity_panel (res://scripts/ui/GameUI.gd:1944)
       [1] _refresh_all (res://scripts/ui/GameUI.gd:1834)
       [2] _on_tick_advanced (res://scripts/ui/GameUI.gd:919)
       [3] _advance_tick (res://scripts/systems/TimeManager.gd:48)
       [4] _process (res://scripts/systems/TimeManager.gd:36)
SCRIPT ERROR: Invalid access to property or key 'deity' on a base object of type 'Dictionary'.
   at: _refresh_deity_panel (res://scripts/ui/GameUI.gd:1944)
   GDScript backtrace (most recent call first):
       [0] _refresh_deity_panel (res://scripts/ui/GameUI.gd:1944)
       [1] _on_divine_power_changed (res://scripts/ui/GameUI.gd:929)
       [2] _on_tick_advanced (res://scripts/systems/DeityManager.gd:661)
       [3] _advance_tick (res://scripts/systems/TimeManager.gd:48)
       [4] _process (res://scripts/systems/TimeManager.gd:36)
SCRIPT ERROR: Invalid access to property or key 'deity' on a base object of type 'Dictionary'.
   at: _refresh_deity_panel (res://scripts/ui/GameUI.gd:1944)
   GDScript backtrace (most recent call first):
       [0] _refresh_deity_panel (res://scripts/ui/GameUI.gd:1944)
       [1] _refresh_all (res://scripts/ui/GameUI.gd:1834)
       [2] _on_tick_advanced (res://scripts/ui/GameUI.gd:919)
       [3] _advance_tick (res://scripts/systems/TimeManager.gd:48)
       [4] _process (res://scripts/systems/TimeManager.gd:36)
SCRIPT ERROR: Invalid access to property or key 'deity' on a base object of type 'Dictionary'.
   at: _refresh_deity_panel (res://scripts/ui/GameUI.gd:1944)
   GDScript backtrace (most recent call first):
       [0] _refresh_deity_panel (res://scripts/ui/GameUI.gd:1944)
       [1] _on_divine_power_changed (res://scripts/ui/GameUI.gd:929)
       [2] _on_tick_advanced (res://scripts/systems/DeityManager.gd:661)
       [3] _advance_tick (res://scripts/systems/TimeManager.gd:48)
       [4] _process (res://scripts/systems/TimeManager.gd:36)
SCRIPT ERROR: Invalid access to property or key 'deity' on a base object of type 'Dictionary'.
   at: _refresh_deity_panel (res://scripts/ui/GameUI.gd:1944)
   GDScript backtrace (most recent call first):
       [0] _refresh_deity_panel (res://scripts/ui/GameUI.gd:1944)
       [1] _refresh_all (res://scripts/ui/GameUI.gd:1834)
       [2] _on_tick_advanced (res://scripts/ui/GameUI.gd:919)
       [3] _advance_tick (res://scripts/systems/TimeManager.gd:48)
       [4] _process (res://scripts/systems/TimeManager.gd:36)
SCRIPT ERROR: Invalid access to property or key 'deity' on a base object of type 'Dictionary'.
   at: _refresh_deity_panel (res://scripts/ui/GameUI.gd:1944)
   GDScript backtrace (most recent call first):
       [0] _refresh_deity_panel (res://scripts/ui/GameUI.gd:1944)
       [1] _on_divine_power_changed (res://scripts/ui/GameUI.gd:929)
       [2] _on_tick_advanced (res://scripts/systems/DeityManager.gd:661)
       [3] _advance_tick (res://scripts/systems/TimeManager.gd:48)
       [4] _process (res://scripts/systems/TimeManager.gd:36)
SCRIPT ERROR: Invalid access to property or key 'deity' on a base object of type 'Dictionary'.
   at: _refresh_deity_panel (res://scripts/ui/GameUI.gd:1944)
   GDScript backtrace (most recent call first):
       [0] _refresh_deity_panel (res://scripts/ui/GameUI.gd:1944)
       [1] _refresh_all (res://scripts/ui/GameUI.gd:1834)
       [2] _on_tick_advanced (res://scripts/ui/GameUI.gd:919)
       [3] _advance_tick (res://scripts/systems/TimeManager.gd:48)
       [4] _process (res://scripts/systems/TimeManager.gd:36)
