Godot Engine v4.6.2.stable.official.71f334935 - https://godotengine.org
Vulkan 1.2.131 - Forward Mobile - Using Device #0: Intel - Intel(R) HD Graphics 620

[Debug] Startup checks: 4 passed, 0 failed[0m
[Main] Initializing game systems...
[ArtifactManager] Ready — listening for legendary events
[Main] Generating world...
[ArtifactManager] Created: Crown of Thora's Dynasty — Forged to mark the rise of Thora, merchant_prince of Ironhold. A symbol of new beginnings.
[Character] Generated: Thora (dwarf female, merchant_prince, age 67)
[ArtifactManager] Created: Crown of Zephyr's Dynasty — Forged to mark the rise of Zephyr, high_priest of Silverwood. A symbol of new beginnings.
[Character] Generated: Zephyr (elf male, high_priest, age 140)
[ArtifactManager] Created: Crown of Eleanor's Dynasty — Forged to mark the rise of Eleanor, warlord of Northmark. A symbol of new beginnings.
[Character] Generated: Eleanor (human female, warlord, age 14)
[ArtifactManager] Created: Crown of Morg's Dynasty — Forged to mark the rise of Morg, warlord of Bloodfang Clan. A symbol of new beginnings.
[Character] Generated: Morg (orc male, warlord, age 10)
[ArtifactManager] Created: Crown of Willow's Dynasty — Forged to mark the rise of Willow, merchant_prince of Greenfields. A symbol of new beginnings.
[Character] Generated: Willow (halfling female, merchant_prince, age 13)
[ArtifactManager] Created: Crown of Grik's Dynasty — Forged to mark the rise of Grik, merchant_prince of Deepgrot Tribe. A symbol of new beginnings.
[Character] Generated: Grik (goblin male, merchant_prince, age 7)
[ArtifactManager] Created: Crown of Grak's Dynasty — Forged to mark the rise of Grak, warlord of Bogmire. A symbol of new beginnings.
[Character] Generated: Grak (troll male, warlord, age 39)
[ArtifactManager] Created: Crown of Widget's Dynasty — Forged to mark the rise of Widget, tyrant of Sparkgear. A symbol of new beginnings.
[Character] Generated: Widget (gnome female, tyrant, age 70)
[Monster] Stormrage the Dread Wyrm (dragon, threat 4) lairs at (39, 59)
[Monster] Bonecrush the Sky Scourge (dragon, threat 3) lairs at (56, 32)
[Monster] Venomspine the Many-Headed (hydra, threat 5) lairs at (1, 11)
[Monster] Doomhorn the Colossus (giant, threat 7) lairs at (0, 18)
[Main] Deity class selection complete. Starting world...
[GameManager] WORLD_SETUP -> PLAYING
