ERROR: Can't add child '@VBoxContainer@5' to '@CenterContainer@3', already has a parent '@MarginContainer@6'.
   at: add_child (scene/main/node.cpp:1705)
   GDScript backtrace (most recent call first):
       [0] _create_class_selection_screen (res://scripts/ui/GameUI.gd:494)
       [1] _build_ui (res://scripts/ui/GameUI.gd:26)
       [2] _ready (res://scripts/ui/GameUI.gd:20)
       [3] _ready (res://scripts/main.gd:74)
ERROR: Can't add child '@CenterContainer@3' to 'ClassSelectScreen', already has a parent 'ClassSelectScreen'.
   at: add_child (scene/main/node.cpp:1705)
   GDScript backtrace (most recent call first):
       [0] _create_class_selection_screen (res://scripts/ui/GameUI.gd:495)
       [1] _build_ui (res://scripts/ui/GameUI.gd:26)
       [2] _ready (res://scripts/ui/GameUI.gd:20)
       [3] _ready (res://scripts/main.gd:74)
ERROR: Error opening file 'res://assets/ui/main_menu_bg.jpg'.
   at: load_image (core/io/image_loader.cpp:89)
   GDScript backtrace (most recent call first):
       [0] _create_main_menu_screen (res://scripts/ui/GameUI.gd:506)
       [1] _build_ui (res://scripts/ui/GameUI.gd:337)
       [2] _ready (res://scripts/ui/GameUI.gd:20)
       [3] _ready (res://scripts/main.gd:74)
