Godot Engine v4.6.2.stable.official.71f334935 - https://godotengine.org
Vulkan 1.2.131 - Forward Mobile - Using Device #0: Intel - Intel(R) HD Graphics 620

[Debug] Startup checks: 4 passed, 0 failed[0m
[Main] Initializing game systems...
[ArtifactManager] Ready — listening for legendary events
[Main] Generating world...
[ArtifactManager] Created: Crown of Vanya's Dynasty — Forged to mark the rise of Vanya, high_priest of Silverwood. A symbol of new beginnings.
[Character] Generated: Vanya (elf female, high_priest, age 193)
[ArtifactManager] Created: Crown of Harold's Dynasty — Forged to mark the rise of Harold, warlord of Northmark. A symbol of new beginnings.
[Character] Generated: Harold (human male, warlord, age 24)
[ArtifactManager] Created: Crown of Rukhar's Dynasty — Forged to mark the rise of Rukhar, warlord of Bloodfang Clan. A symbol of new beginnings.
[Character] Generated: Rukhar (orc male, warlord, age 15)
[ArtifactManager] Created: Crown of Robin's Dynasty — Forged to mark the rise of Robin, merchant_prince of Greenfields. A symbol of new beginnings.
[Character] Generated: Robin (halfling male, merchant_prince, age 21)
[ArtifactManager] Created: Crown of Gnasha's Dynasty — Forged to mark the rise of Gnasha, tyrant of Deepgrot Tribe. A symbol of new beginnings.
[Character] Generated: Gnasha (goblin female, tyrant, age 7)
[ArtifactManager] Created: Crown of Krom's Dynasty — Forged to mark the rise of Krom, chieftain of Bogmire. A symbol of new beginnings.
[Character] Generated: Krom (troll female, chieftain, age 17)
[ArtifactManager] Created: Crown of Gadget's Dynasty — Forged to mark the rise of Gadget, merchant_prince of Sparkgear. A symbol of new beginnings.
[Character] Generated: Gadget (gnome male, merchant_prince, age 32)
[Monster] Doomhorn the Sky Render (giant, threat 1) lairs at (67, 15)
[Monster] Thunderclaw the Venom Lord (hydra, threat 7) lairs at (16, 53)
[Monster] Ashwing the Mountain Breaker (giant, threat 3) lairs at (0, 19)
[Monster] Frostbite the Sky Scourge (dragon, threat 4) lairs at (26, 55)
[Main] Deity class selection complete. Starting world...
[GameManager] WORLD_SETUP -> PLAYING
